mode: set
the_lonely_road/cmd/api/handlers.go:14.68,21.2 2 1
the_lonely_road/cmd/api/handlers.go:23.68,30.16 3 1
the_lonely_road/cmd/api/handlers.go:30.16,33.3 2 1
the_lonely_road/cmd/api/handlers.go:35.2,41.16 3 1
the_lonely_road/cmd/api/handlers.go:41.16,44.3 2 1
the_lonely_road/cmd/api/handlers.go:45.2,45.30 1 1
the_lonely_road/cmd/api/handlers.go:48.72,53.16 3 1
the_lonely_road/cmd/api/handlers.go:53.16,56.3 2 1
the_lonely_road/cmd/api/handlers.go:57.2,58.16 2 1
the_lonely_road/cmd/api/handlers.go:58.16,61.3 2 1
the_lonely_road/cmd/api/handlers.go:62.2,62.30 1 1
the_lonely_road/cmd/api/handlers.go:65.76,72.16 3 1
the_lonely_road/cmd/api/handlers.go:72.16,75.3 2 1
the_lonely_road/cmd/api/handlers.go:77.2,78.16 2 1
the_lonely_road/cmd/api/handlers.go:78.16,81.3 2 1
the_lonely_road/cmd/api/handlers.go:83.2,84.16 2 1
the_lonely_road/cmd/api/handlers.go:84.16,87.3 2 0
the_lonely_road/cmd/api/handlers.go:88.2,88.30 1 1
the_lonely_road/cmd/api/helpers.go:12.110,14.16 2 1
the_lonely_road/cmd/api/helpers.go:14.16,16.3 1 0
the_lonely_road/cmd/api/helpers.go:18.2,18.22 1 1
the_lonely_road/cmd/api/helpers.go:18.22,19.38 1 0
the_lonely_road/cmd/api/helpers.go:19.38,21.4 1 0
the_lonely_road/cmd/api/helpers.go:24.2,29.16 4 1
the_lonely_road/cmd/api/helpers.go:29.16,31.3 1 0
the_lonely_road/cmd/api/helpers.go:33.2,33.12 1 1
the_lonely_road/cmd/api/helpers.go:36.81,44.16 6 1
the_lonely_road/cmd/api/helpers.go:44.16,51.10 5 1
the_lonely_road/cmd/api/helpers.go:52.37,53.91 1 1
the_lonely_road/cmd/api/helpers.go:54.44,55.59 1 0
the_lonely_road/cmd/api/helpers.go:56.44,57.38 1 0
the_lonely_road/cmd/api/helpers.go:57.38,59.5 1 0
the_lonely_road/cmd/api/helpers.go:60.4,60.103 1 0
the_lonely_road/cmd/api/helpers.go:61.31,62.47 1 0
the_lonely_road/cmd/api/helpers.go:63.63,65.64 2 0
the_lonely_road/cmd/api/helpers.go:66.39,67.83 1 0
the_lonely_road/cmd/api/helpers.go:68.47,69.14 1 0
the_lonely_road/cmd/api/helpers.go:70.11,71.14 1 0
the_lonely_road/cmd/api/helpers.go:75.2,76.19 2 1
the_lonely_road/cmd/api/helpers.go:76.19,78.3 1 0
the_lonely_road/cmd/api/helpers.go:79.2,79.12 1 1
the_lonely_road/cmd/api/main.go:18.13,28.16 5 0
the_lonely_road/cmd/api/main.go:28.16,29.13 1 0
the_lonely_road/cmd/api/main.go:32.2,38.16 4 0
the_lonely_road/cmd/api/main.go:38.16,40.3 1 0
the_lonely_road/cmd/api/routes.go:8.42,18.2 6 1
the_lonely_road/data/postgres.go:18.46,27.2 1 1
the_lonely_road/data/postgres.go:29.43,38.2 1 1
the_lonely_road/data/postgres.go:40.52,46.16 2 1
the_lonely_road/data/postgres.go:46.16,48.3 1 0
the_lonely_road/data/postgres.go:49.2,50.16 2 1
the_lonely_road/data/postgres.go:50.16,52.3 1 0
the_lonely_road/data/postgres.go:54.2,54.16 1 1
the_lonely_road/data/postgres.go:57.44,60.2 1 1
the_lonely_road/models/users.go:35.56,37.16 2 1
the_lonely_road/models/users.go:37.16,40.3 1 0
the_lonely_road/models/users.go:41.2,41.33 1 1
the_lonely_road/models/users.go:44.46,46.16 2 1
the_lonely_road/models/users.go:46.16,48.3 1 0
the_lonely_road/models/users.go:49.2,60.16 7 1
the_lonely_road/models/users.go:60.16,61.10 1 1
the_lonely_road/models/users.go:62.57,63.40 1 1
the_lonely_road/models/users.go:64.11,65.14 1 0
the_lonely_road/models/users.go:69.2,69.12 1 1
the_lonely_road/models/users.go:72.61,90.16 6 1
the_lonely_road/models/users.go:90.16,91.10 1 1
the_lonely_road/models/users.go:92.38,93.46 1 1
the_lonely_road/models/users.go:94.11,95.19 1 0
the_lonely_road/models/users.go:99.2,99.19 1 1
the_lonely_road/models/users.go:102.71,104.16 2 1
the_lonely_road/models/users.go:104.16,106.3 1 0
the_lonely_road/models/users.go:107.2,116.16 6 1
the_lonely_road/models/users.go:116.16,118.3 1 0
the_lonely_road/models/users.go:119.2,120.23 2 1
the_lonely_road/models/users.go:120.23,122.3 1 1
the_lonely_road/models/users.go:124.2,124.12 1 1
the_lonely_road/models/users.go:128.56,134.16 5 1
the_lonely_road/models/users.go:134.16,136.3 1 0
the_lonely_road/models/users.go:137.2,138.23 2 1
the_lonely_road/models/users.go:138.23,140.3 1 1
the_lonely_road/models/users.go:141.2,141.12 1 1
the_lonely_road/models/users.go:144.55,146.16 2 1
the_lonely_road/models/users.go:146.16,148.3 1 0
the_lonely_road/models/users.go:149.2,151.40 3 1
the_lonely_road/models/users.go:151.40,152.44 1 1
the_lonely_road/models/users.go:152.44,154.4 1 1
the_lonely_road/models/users.go:156.2,157.12 2 1
the_lonely_road/models/users.go:160.70,161.33 1 1
the_lonely_road/models/users.go:161.33,162.26 1 1
the_lonely_road/models/users.go:162.26,164.4 1 1
the_lonely_road/models/users.go:166.2,166.44 1 1
the_lonely_road/models/users.go:169.80,171.16 2 1
the_lonely_road/models/users.go:171.16,173.3 1 0
the_lonely_road/models/users.go:174.2,175.33 2 1
the_lonely_road/models/users.go:175.33,176.31 1 1
the_lonely_road/models/users.go:176.31,179.4 2 1
the_lonely_road/models/users.go:181.2,181.30 1 1
the_lonely_road/models/users.go:184.65,185.33 1 1
the_lonely_road/models/users.go:185.33,186.30 1 1
the_lonely_road/models/users.go:186.30,189.4 2 1
the_lonely_road/models/users.go:191.2,191.30 1 1
